<?xml version="1.0" encoding="UTF-8"?>
<testng-results skipped="0" failed="0" ignored="0" total="1" passed="1">
  <reporter-output>
  </reporter-output>
  <suite name="Custom suite" duration-ms="937" started-at="2018-04-08T02:28:40Z" finished-at="2018-04-08T02:28:41Z">
    <groups>
      <group name="cucumber">
        <method signature="RunCukesByFeatureAndCompositionTest1.feature(cucumber.api.testng.CucumberFeatureWrapper)[pri:0, instance:com.cucumber.testng.examples.RunCukesByFeatureAndCompositionTest1@2e3fc542]" name="feature" class="com.cucumber.testng.examples.RunCukesByFeatureAndCompositionTest1"/>
        <method signature="RunCukesByFeatureAndCompositionTest2.feature(cucumber.api.testng.CucumberFeatureWrapper)[pri:0, instance:com.cucumber.testng.examples.RunCukesByFeatureAndCompositionTest2@4fcd19b3]" name="feature" class="com.cucumber.testng.examples.RunCukesByFeatureAndCompositionTest2"/>
      </group> <!-- cucumber -->
    </groups>
    <test name="Cucumber Date Calculator Test 1" duration-ms="841" started-at="2018-04-08T02:28:40Z" finished-at="2018-04-08T02:28:41Z">
      <class name="com.cucumber.testng.examples.RunCukesByFeatureAndCompositionTest1">
        <test-method status="PASS" signature="setUpClass()[pri:0, instance:com.cucumber.testng.examples.RunCukesByFeatureAndCompositionTest1@2e3fc542]" name="setUpClass" is-config="true" duration-ms="439" started-at="2018-04-08T02:28:40Z" finished-at="2018-04-08T02:28:40Z">
          <reporter-output>
          </reporter-output>
        </test-method> <!-- setUpClass -->
        <test-method status="PASS" signature="feature(cucumber.api.testng.CucumberFeatureWrapper)[pri:0, instance:com.cucumber.testng.examples.RunCukesByFeatureAndCompositionTest1@2e3fc542]" name="feature" duration-ms="237" started-at="2018-04-08T02:28:41Z" description="Runs Cucumber Feature" data-provider="features" finished-at="2018-04-08T02:28:41Z">
          <params>
            <param index="0">
              <value>
                <![CDATA[Feature1]]>
              </value>
            </param>
          </params>
          <reporter-output>
          </reporter-output>
        </test-method> <!-- feature -->
        <test-method status="PASS" signature="tearDownClass()[pri:0, instance:com.cucumber.testng.examples.RunCukesByFeatureAndCompositionTest1@2e3fc542]" name="tearDownClass" is-config="true" duration-ms="22" started-at="2018-04-08T02:28:41Z" finished-at="2018-04-08T02:28:41Z">
          <reporter-output>
          </reporter-output>
        </test-method> <!-- tearDownClass -->
      </class> <!-- com.cucumber.testng.examples.RunCukesByFeatureAndCompositionTest1 -->
    </test> <!-- Cucumber Date Calculator Test 1 -->
    <test name="Cucumber Date Calculator Test 2" duration-ms="51" started-at="2018-04-08T02:28:41Z" finished-at="2018-04-08T02:28:41Z">
      <class name="com.cucumber.testng.examples.RunCukesByFeatureAndCompositionTest2">
        <test-method status="PASS" signature="setUpClass()[pri:0, instance:com.cucumber.testng.examples.RunCukesByFeatureAndCompositionTest2@4fcd19b3]" name="setUpClass" is-config="true" duration-ms="41" started-at="2018-04-08T02:28:41Z" finished-at="2018-04-08T02:28:41Z">
          <reporter-output>
          </reporter-output>
        </test-method> <!-- setUpClass -->
        <test-method status="PASS" signature="tearDownClass()[pri:0, instance:com.cucumber.testng.examples.RunCukesByFeatureAndCompositionTest2@4fcd19b3]" name="tearDownClass" is-config="true" duration-ms="3" started-at="2018-04-08T02:28:41Z" finished-at="2018-04-08T02:28:41Z">
          <reporter-output>
          </reporter-output>
        </test-method> <!-- tearDownClass -->
      </class> <!-- com.cucumber.testng.examples.RunCukesByFeatureAndCompositionTest2 -->
    </test> <!-- Cucumber Date Calculator Test 2 -->
  </suite> <!-- Custom suite -->
</testng-results>
